<?xml version="1.0" encoding="utf-8"?>
<test-run id="2" testcasecount="5" result="Passed" total="5" passed="5" failed="0" inconclusive="0" skipped="0" asserts="0" engine-version="3.5.0.0" clr-version="4.0.30319.42000" start-time="2026-08-05 17:17:02Z" end-time="2026-08-05 17:17:05Z" duration="2.8439917">
  <test-suite type="TestSuite" id="1000" name="NaManMoo" fullname="NaManMoo" runstate="Runnable" testcasecount="492" result="Passed" start-time="2026-08-05 17:17:02Z" end-time="2026-08-05 17:17:05Z" duration="2.843992" total="5" passed="5" failed="0" inconclusive="0" skipped="0" asserts="0">
    <properties>
      <property name="platform" value="EditMode" />
    </properties>
    <test-suite type="Assembly" id="1587" name="NaManMoo.EditorTests.dll" fullname="C:/Users/myong/NaManMoo/Namanmoo_client/Library/ScriptAssemblies/NaManMoo.EditorTests.dll" runstate="Runnable" testcasecount="492" result="Passed" start-time="2026-08-05 17:17:02Z" end-time="2026-08-05 17:17:05Z" duration="2.837064" total="5" passed="5" failed="0" inconclusive="0" skipped="0" asserts="0">
      <properties>
        <property name="_PID" value="33968" />
        <property name="_APPDOMAIN" value="Unity Child Domain" />
        <property name="platform" value="EditMode" />
        <property name="EditorOnly" value="True" />
      </properties>
      <test-suite type="TestFixture" id="1012" name="AxeSwingTests" fullname="AxeSwingTests" classname="AxeSwingTests" runstate="Runnable" testcasecount="5" result="Passed" start-time="2026-08-05 17:17:02Z" end-time="2026-08-05 17:17:05Z" duration="2.832612" total="5" passed="5" failed="0" inconclusive="0" skipped="0" asserts="0">
        <properties />
        <test-case id="1014" name="Advance_FullDurationDestroysCompletedSwing" fullname="AxeSwingTests.Advance_FullDurationDestroysCompletedSwing" methodname="Advance_FullDurationDestroysCompletedSwing" classname="AxeSwingTests" runstate="Runnable" seed="1875450727" result="Passed" start-time="2026-08-05 17:17:02Z" end-time="2026-08-05 17:17:03Z" duration="0.649504" asserts="0">
          <properties>
            <property name="_JOINTYPE" value="UnityCombinatorial" />
            <property name="retryIteration" value="0" />
            <property name="repeatIteration" value="0" />
          </properties>
        </test-case>
        <test-case id="1013" name="Advance_HalfDurationRotatesClockwiseHalfTurn" fullname="AxeSwingTests.Advance_HalfDurationRotatesClockwiseHalfTurn" methodname="Advance_HalfDurationRotatesClockwiseHalfTurn" classname="AxeSwingTests" runstate="Runnable" seed="1260347090" result="Passed" start-time="2026-08-05 17:17:03Z" end-time="2026-08-05 17:17:03Z" duration="0.549854" asserts="0">
          <properties>
            <property name="_JOINTYPE" value="UnityCombinatorial" />
            <property name="retryIteration" value="0" />
            <property name="repeatIteration" value="0" />
          </properties>
        </test-case>
        <test-case id="1016" name="TryHit_AppliesKnockbackOppositeTheSwingDirection" fullname="AxeSwingTests.TryHit_AppliesKnockbackOppositeTheSwingDirection" methodname="TryHit_AppliesKnockbackOppositeTheSwingDirection" classname="AxeSwingTests" runstate="Runnable" seed="1238955079" result="Passed" start-time="2026-08-05 17:17:03Z" end-time="2026-08-05 17:17:04Z" duration="0.564726" asserts="0">
          <properties>
            <property name="_JOINTYPE" value="UnityCombinatorial" />
            <property name="retryIteration" value="0" />
            <property name="repeatIteration" value="0" />
          </properties>
        </test-case>
        <test-case id="1017" name="TryHit_IgnoresOwnerChildrenAndNonEnemies" fullname="AxeSwingTests.TryHit_IgnoresOwnerChildrenAndNonEnemies" methodname="TryHit_IgnoresOwnerChildrenAndNonEnemies" classname="AxeSwingTests" runstate="Runnable" seed="780240784" result="Passed" start-time="2026-08-05 17:17:04Z" end-time="2026-08-05 17:17:05Z" duration="0.529346" asserts="0">
          <properties>
            <property name="_JOINTYPE" value="UnityCombinatorial" />
            <property name="retryIteration" value="0" />
            <property name="repeatIteration" value="0" />
          </properties>
        </test-case>
        <test-case id="1015" name="TryHit_SameEnemyTakesTenDamageOnlyOnce" fullname="AxeSwingTests.TryHit_SameEnemyTakesTenDamageOnlyOnce" methodname="TryHit_SameEnemyTakesTenDamageOnlyOnce" classname="AxeSwingTests" runstate="Runnable" seed="1885811825" result="Passed" start-time="2026-08-05 17:17:05Z" end-time="2026-08-05 17:17:05Z" duration="0.528407" asserts="0">
          <properties>
            <property name="_JOINTYPE" value="UnityCombinatorial" />
            <property name="retryIteration" value="0" />
            <property name="repeatIteration" value="0" />
          </properties>
          <output><![CDATA[Saving results to: C:/Users/myong/AppData/LocalLow/DefaultCompany/NaManMoo\TestResults.xml
]]></output>
        </test-case>
      </test-suite>
    </test-suite>
  </test-suite>
</test-run>